<?xml version="1.0" encoding="UTF-8"?>
<!-- Generated by org.testng.reporters.JUnitReportReporter -->
<testsuite skipped="0" hostname="LAPTOP-PI6QVRRF" name="com.vtiger.testScript.CreateCampaignTest" tests="1" failures="0" timestamp="25 Feb 2020 15:16:20 GMT" time="23.056" errors="0">
  <testcase name="campaignGenerationTest" time="23.056" classname="com.vtiger.testScript.CreateCampaignTest"/>
</testsuite> <!-- com.vtiger.testScript.CreateCampaignTest -->
